<?xml version="1.0" encoding="UTF-8" ?>
<testsuite tests="1" failures="0" name="com.microsoft.maven.test.MavenTest" time="0.001" errors="0" skipped="0">
  <properties>
    <property name="idea.version" value="2023.3.4"/>
    <property name="java.runtime.name" value="Java(TM) SE Runtime Environment"/>
    <property name="java.vm.version" value="17.0.4.1+1-LTS-2"/>
    <property name="sun.boot.library.path" value="D:\Java\jdk-17.0.4.1\bin"/>
    <property name="maven.multiModuleProjectDirectory" value="D:\porject\idea\MavenIntro\maven_java"/>
    <property name="java.vm.vendor" value="Oracle Corporation"/>
    <property name="java.vendor.url" value="https://java.oracle.com/"/>
    <property name="guice.disable.misplaced.annotation.check" value="true"/>
    <property name="path.separator" value=";"/>
    <property name="java.vm.name" value="Java HotSpot(TM) 64-Bit Server VM"/>
    <property name="sun.os.patch.level" value=""/>
    <property name="user.script" value=""/>
    <property name="user.country" value="CN"/>
    <property name="sun.java.launcher" value="SUN_STANDARD"/>
    <property name="java.vm.specification.name" value="Java Virtual Machine Specification"/>
    <property name="user.dir" value="D:\porject\idea\MavenIntro\maven_java"/>
    <property name="java.vm.compressedOopsMode" value="Zero based"/>
    <property name="java.runtime.version" value="17.0.4.1+1-LTS-2"/>
    <property name="os.arch" value="amd64"/>
    <property name="java.io.tmpdir" value="C:\Users\zyj123\AppData\Local\Temp\"/>
    <property name="line.separator" value="
"/>
    <property name="java.vm.specification.vendor" value="Oracle Corporation"/>
    <property name="user.variant" value=""/>
    <property name="os.name" value="Windows 11"/>
    <property name="maven.ext.class.path" value="D:\tools\IntelliJ IDEA 2023.3.4\plugins\maven\lib\maven-event-listener.jar"/>
    <property name="classworlds.conf" value="D:\java\maven\apache-maven-3.8.8\bin\m2.conf"/>
    <property name="sun.jnu.encoding" value="GBK"/>
    <property name="java.library.path" value="D:\Java\jdk-17.0.4.1\bin;C:\Windows\Sun\Java\bin;C:\Windows\system32;C:\Windows;D:\虚拟机\bin\;%J;VA_HOME%\bin;D:\java\jdk9\bin;C:\ProgramData\Oracle\Java\javapath;C:\Program Files (x86)\Common Files\Intel\Shared Libraries\redist\intel64\compiler;C:\Windows\system32;C:\Windows;C:\Windows\System32\Wbem;C:\Windows\System32\WindowsPowerShell\v1.0\;C:\Windows\System32\OpenSSH\;C:\Program Files (x86)\NVIDIA Corporation\PhysX\Common;C:\Program Files\NVIDIA Corporation\NVIDIA NvDLISR;C:\Program Files\TortoiseGit\bin;D:\mysql\mysql-5.7.29-winx64\bin;D:\学习资料\putty\;D:\;ools\Lingo12\;D:\tools\spss\JRE\bin;D:\tools\Matlab 2016a win64\runtime\win64;D:\tools\Matlab 2016a win64\bin;D:\tools\Matlab 2016a win64\polyspace\bin;C:\Program Files\dotnet\;C:\Program Files\Git\cmd;C:\Program Files (x86)\Windows Kits\10\Windows Performance Toolkit\;C:\Program Files (x86)\Microsoft SQL Server\160\DTS\Binn\;C:\Program Files (x86)\Microsoft SQL Server\160\Tools\Binn\;C:\Program Files\Microsoft SQL Server\160\Tools\Binn\;C:\Program Files\Microsoft SQL Server\Client SDK\ODBC\170\Tools\Binn\;C:\Program Files\Microsoft SQL Server\160\DTS\Binn\;C:\Program Files\Microsoft SQL Server\150\Tools\Binn\;D:\tools\apache-tomcat-8.5.29\apache-tomcat-8.5.29\lib\;D:\tools\ffmpeg-7.0.1-full_build\ffmpeg-7.0.1-full_build\bin;D:\tools\nodejs18\;C:\Users\zyj123\AppData\Local\Microsoft\WindowsApps;D:\IDEA\IntelliJ IDEA 2021.1\bin;;C:\Users\zyj123\AppData\Local\Pandoc\;C:\Users\zyj123\.dotnet\tools;D:\tools\Microsoft VS Code\bin;C:\Users\zyj123\AppData\Roaming\npm;."/>
    <property name="jansi.passthrough" value="true"/>
    <property name="maven.conf" value="D:\java\maven\apache-maven-3.8.8/conf"/>
    <property name="jdk.debug" value="release"/>
    <property name="java.class.version" value="61.0"/>
    <property name="java.specification.name" value="Java Platform API Specification"/>
    <property name="sun.management.compiler" value="HotSpot 64-Bit Tiered Compilers"/>
    <property name="os.version" value="10.0"/>
    <property name="user.home" value="C:\Users\zyj123"/>
    <property name="user.timezone" value="Asia/Shanghai"/>
    <property name="file.encoding" value="UTF-8"/>
    <property name="java.specification.version" value="17"/>
    <property name="user.name" value="zyj123"/>
    <property name="java.class.path" value="D:\java\maven\apache-maven-3.8.8\boot\plexus-classworlds-2.6.0.jar;D:\java\maven\apache-maven-3.8.8\boot\plexus-classworlds.license"/>
    <property name="java.vm.specification.version" value="17"/>
    <property name="sun.arch.data.model" value="64"/>
    <property name="sun.java.command" value="org.codehaus.classworlds.Launcher -Didea.version=2023.3.4 -s D:\java\maven\apache-maven-3.8.8\conf\settings.xml deploy"/>
    <property name="java.home" value="D:\Java\jdk-17.0.4.1"/>
    <property name="user.language" value="zh"/>
    <property name="java.specification.vendor" value="Oracle Corporation"/>
    <property name="java.vm.info" value="mixed mode, sharing"/>
    <property name="java.version" value="17.0.4.1"/>
    <property name="native.encoding" value="GBK"/>
    <property name="java.vendor" value="Oracle Corporation"/>
    <property name="maven.home" value="D:\java\maven\apache-maven-3.8.8"/>
    <property name="file.separator" value="\"/>
    <property name="java.version.date" value="2022-08-18"/>
    <property name="java.vendor.url.bug" value="https://bugreport.java.com/bugreport/"/>
    <property name="sun.io.unicode.encoding" value="UnicodeLittle"/>
    <property name="sun.cpu.endian" value="little"/>
    <property name="sun.cpu.isalist" value="amd64"/>
  </properties>
  <testcase classname="com.microsoft.maven.test.MavenTest" name="com.microsoft.maven.test.MavenTest.testMaven" time="0.001"/>
</testsuite>